[0.072s] DEBUG:colcon:Command line arguments: ['/usr/bin/colcon', 'build', '--symlink-install']
[0.072s] DEBUG:colcon:Parsed command line arguments: Namespace(log_base=None, log_level=None, verb_name='build', build_base='build', install_base='install', merge_install=False, symlink_install=True, test_result_base=None, continue_on_error=False, executor='parallel', parallel_workers=4, event_handlers=None, ignore_user_meta=False, metas=['./colcon.meta'], base_paths=['.'], packages_ignore=None, packages_ignore_regex=None, paths=None, packages_up_to=None, packages_up_to_regex=None, packages_above=None, packages_above_and_dependencies=None, packages_above_depth=None, packages_select_by_dep=None, packages_skip_by_dep=None, packages_skip_up_to=None, packages_select_build_failed=False, packages_skip_build_finished=False, packages_select_test_failures=False, packages_skip_test_passed=False, packages_select=None, packages_skip=None, packages_select_regex=None, packages_skip_regex=None, packages_start=None, packages_end=None, allow_overriding=[], cmake_args=None, cmake_target=None, cmake_target_skip_unavailable=False, cmake_clean_cache=False, cmake_clean_first=False, cmake_force_configure=False, ament_cmake_args=None, catkin_cmake_args=None, catkin_skip_building_tests=False, verb_parser=<colcon_defaults.argument_parser.defaults.DefaultArgumentsDecorator object at 0x74fa7cefa560>, verb_extension=<colcon_core.verb.build.BuildVerb object at 0x74fa7d01f130>, main=<bound method BuildVerb.main of <colcon_core.verb.build.BuildVerb object at 0x74fa7d01f130>>)
[0.099s] Level 1:colcon.colcon_core.package_discovery:discover_packages(colcon_meta) check parameters
[0.099s] Level 1:colcon.colcon_core.package_discovery:discover_packages(recursive) check parameters
[0.099s] Level 1:colcon.colcon_core.package_discovery:discover_packages(ignore) check parameters
[0.099s] Level 1:colcon.colcon_core.package_discovery:discover_packages(path) check parameters
[0.099s] Level 1:colcon.colcon_core.package_discovery:discover_packages(colcon_meta) discover
[0.099s] Level 1:colcon.colcon_core.package_discovery:discover_packages(recursive) discover
[0.099s] INFO:colcon.colcon_core.package_discovery:Crawling recursively for packages in '/home/rhian/Documents/Semester 6/Robotics/Mini Project/ros_ws/Robot_Navigation_ROS2'
[0.099s] Level 1:colcon.colcon_core.package_identification:_identify(.) by extensions ['ignore', 'ignore_ament_install']
[0.099s] Level 1:colcon.colcon_core.package_identification:_identify(.) by extension 'ignore'
[0.099s] Level 1:colcon.colcon_core.package_identification:_identify(.) by extension 'ignore_ament_install'
[0.099s] Level 1:colcon.colcon_core.package_identification:_identify(.) by extensions ['colcon_pkg']
[0.099s] Level 1:colcon.colcon_core.package_identification:_identify(.) by extension 'colcon_pkg'
[0.099s] Level 1:colcon.colcon_core.package_identification:_identify(.) by extensions ['colcon_meta']
[0.099s] Level 1:colcon.colcon_core.package_identification:_identify(.) by extension 'colcon_meta'
[0.099s] Level 1:colcon.colcon_core.package_identification:_identify(.) by extensions ['ros']
[0.099s] Level 1:colcon.colcon_core.package_identification:_identify(.) by extension 'ros'
[0.110s] Level 1:colcon.colcon_core.package_identification:_identify(.) by extensions ['cmake', 'python']
[0.110s] Level 1:colcon.colcon_core.package_identification:_identify(.) by extension 'cmake'
[0.110s] Level 1:colcon.colcon_core.package_identification:_identify(.) by extension 'python'
[0.110s] Level 1:colcon.colcon_core.package_identification:_identify(.) by extensions ['python_setup_py']
[0.110s] Level 1:colcon.colcon_core.package_identification:_identify(.) by extension 'python_setup_py'
[0.110s] Level 1:colcon.colcon_core.package_identification:_identify(build) by extensions ['ignore', 'ignore_ament_install']
[0.110s] Level 1:colcon.colcon_core.package_identification:_identify(build) by extension 'ignore'
[0.110s] Level 1:colcon.colcon_core.package_identification:_identify(build) ignored
[0.110s] Level 1:colcon.colcon_core.package_identification:_identify(install) by extensions ['ignore', 'ignore_ament_install']
[0.110s] Level 1:colcon.colcon_core.package_identification:_identify(install) by extension 'ignore'
[0.110s] Level 1:colcon.colcon_core.package_identification:_identify(install) ignored
[0.110s] Level 1:colcon.colcon_core.package_identification:_identify(log) by extensions ['ignore', 'ignore_ament_install']
[0.110s] Level 1:colcon.colcon_core.package_identification:_identify(log) by extension 'ignore'
[0.110s] Level 1:colcon.colcon_core.package_identification:_identify(log) ignored
[0.110s] Level 1:colcon.colcon_core.package_identification:_identify(turtlebot3_gazebo) by extensions ['ignore', 'ignore_ament_install']
[0.111s] Level 1:colcon.colcon_core.package_identification:_identify(turtlebot3_gazebo) by extension 'ignore'
[0.111s] Level 1:colcon.colcon_core.package_identification:_identify(turtlebot3_gazebo) by extension 'ignore_ament_install'
[0.111s] Level 1:colcon.colcon_core.package_identification:_identify(turtlebot3_gazebo) by extensions ['colcon_pkg']
[0.111s] Level 1:colcon.colcon_core.package_identification:_identify(turtlebot3_gazebo) by extension 'colcon_pkg'
[0.111s] Level 1:colcon.colcon_core.package_identification:_identify(turtlebot3_gazebo) by extensions ['colcon_meta']
[0.111s] Level 1:colcon.colcon_core.package_identification:_identify(turtlebot3_gazebo) by extension 'colcon_meta'
[0.111s] Level 1:colcon.colcon_core.package_identification:_identify(turtlebot3_gazebo) by extensions ['ros']
[0.111s] Level 1:colcon.colcon_core.package_identification:_identify(turtlebot3_gazebo) by extension 'ros'
[0.113s] DEBUG:colcon.colcon_core.package_identification:Package 'turtlebot3_gazebo' with type 'ros.ament_cmake' and name 'turtlebot3_gazebo'
[0.113s] Level 1:colcon.colcon_core.package_discovery:discover_packages(recursive) using defaults
[0.113s] Level 1:colcon.colcon_core.package_discovery:discover_packages(ignore) discover
[0.113s] Level 1:colcon.colcon_core.package_discovery:discover_packages(ignore) using defaults
[0.113s] Level 1:colcon.colcon_core.package_discovery:discover_packages(path) discover
[0.113s] Level 1:colcon.colcon_core.package_discovery:discover_packages(path) using defaults
[0.126s] Level 1:colcon.colcon_core.package_discovery:discover_packages(prefix_path) check parameters
[0.126s] Level 1:colcon.colcon_core.package_discovery:discover_packages(prefix_path) discover
[0.128s] DEBUG:colcon.colcon_installed_package_information.package_discovery:Found 408 installed packages in /opt/ros/humble
[0.130s] Level 1:colcon.colcon_core.package_discovery:discover_packages(prefix_path) using defaults
[0.164s] Level 5:colcon.colcon_core.verb:set package 'turtlebot3_gazebo' build argument 'cmake_args' from command line to 'None'
[0.164s] Level 5:colcon.colcon_core.verb:set package 'turtlebot3_gazebo' build argument 'cmake_target' from command line to 'None'
[0.164s] Level 5:colcon.colcon_core.verb:set package 'turtlebot3_gazebo' build argument 'cmake_target_skip_unavailable' from command line to 'False'
[0.164s] Level 5:colcon.colcon_core.verb:set package 'turtlebot3_gazebo' build argument 'cmake_clean_cache' from command line to 'False'
[0.164s] Level 5:colcon.colcon_core.verb:set package 'turtlebot3_gazebo' build argument 'cmake_clean_first' from command line to 'False'
[0.164s] Level 5:colcon.colcon_core.verb:set package 'turtlebot3_gazebo' build argument 'cmake_force_configure' from command line to 'False'
[0.164s] Level 5:colcon.colcon_core.verb:set package 'turtlebot3_gazebo' build argument 'ament_cmake_args' from command line to 'None'
[0.164s] Level 5:colcon.colcon_core.verb:set package 'turtlebot3_gazebo' build argument 'catkin_cmake_args' from command line to 'None'
[0.164s] Level 5:colcon.colcon_core.verb:set package 'turtlebot3_gazebo' build argument 'catkin_skip_building_tests' from command line to 'False'
[0.164s] DEBUG:colcon.colcon_core.verb:Building package 'turtlebot3_gazebo' with the following arguments: {'ament_cmake_args': None, 'build_base': '/home/rhian/Documents/Semester 6/Robotics/Mini Project/ros_ws/Robot_Navigation_ROS2/build/turtlebot3_gazebo', 'catkin_cmake_args': None, 'catkin_skip_building_tests': False, 'cmake_args': None, 'cmake_clean_cache': False, 'cmake_clean_first': False, 'cmake_force_configure': False, 'cmake_target': None, 'cmake_target_skip_unavailable': False, 'install_base': '/home/rhian/Documents/Semester 6/Robotics/Mini Project/ros_ws/Robot_Navigation_ROS2/install/turtlebot3_gazebo', 'merge_install': False, 'path': '/home/rhian/Documents/Semester 6/Robotics/Mini Project/ros_ws/Robot_Navigation_ROS2/turtlebot3_gazebo', 'symlink_install': True, 'test_result_base': None}
[0.164s] INFO:colcon.colcon_core.executor:Executing jobs using 'parallel' executor
[0.165s] DEBUG:colcon.colcon_parallel_executor.executor.parallel:run_until_complete
[0.165s] INFO:colcon.colcon_ros.task.ament_cmake.build:Building ROS package in '/home/rhian/Documents/Semester 6/Robotics/Mini Project/ros_ws/Robot_Navigation_ROS2/turtlebot3_gazebo' with build type 'ament_cmake'
[0.165s] INFO:colcon.colcon_cmake.task.cmake.build:Building CMake package in '/home/rhian/Documents/Semester 6/Robotics/Mini Project/ros_ws/Robot_Navigation_ROS2/turtlebot3_gazebo'
[0.166s] INFO:colcon.colcon_core.plugin_system:Skipping extension 'colcon_core.shell.bat': Not used on non-Windows systems
[0.166s] INFO:colcon.colcon_core.shell:Skip shell extension 'powershell' for command environment: Not usable outside of PowerShell
[0.166s] DEBUG:colcon.colcon_core.shell:Skip shell extension 'dsv' for command environment
[0.172s] DEBUG:colcon.colcon_core.event_handler.log_command:Invoking command in '/home/rhian/Documents/Semester 6/Robotics/Mini Project/ros_ws/Robot_Navigation_ROS2/build/turtlebot3_gazebo': CMAKE_PREFIX_PATH=/opt/ros/humble /usr/bin/cmake /home/rhian/Documents/Semester 6/Robotics/Mini Project/ros_ws/Robot_Navigation_ROS2/turtlebot3_gazebo -DAMENT_CMAKE_SYMLINK_INSTALL=1 -DCMAKE_INSTALL_PREFIX=/home/rhian/Documents/Semester 6/Robotics/Mini Project/ros_ws/Robot_Navigation_ROS2/install/turtlebot3_gazebo
[2.270s] DEBUG:colcon.colcon_core.event_handler.log_command:Invoked command in '/home/rhian/Documents/Semester 6/Robotics/Mini Project/ros_ws/Robot_Navigation_ROS2/build/turtlebot3_gazebo' returned '0': CMAKE_PREFIX_PATH=/opt/ros/humble /usr/bin/cmake /home/rhian/Documents/Semester 6/Robotics/Mini Project/ros_ws/Robot_Navigation_ROS2/turtlebot3_gazebo -DAMENT_CMAKE_SYMLINK_INSTALL=1 -DCMAKE_INSTALL_PREFIX=/home/rhian/Documents/Semester 6/Robotics/Mini Project/ros_ws/Robot_Navigation_ROS2/install/turtlebot3_gazebo
[2.272s] DEBUG:colcon.colcon_core.event_handler.log_command:Invoking command in '/home/rhian/Documents/Semester 6/Robotics/Mini Project/ros_ws/Robot_Navigation_ROS2/build/turtlebot3_gazebo': CMAKE_PREFIX_PATH=/opt/ros/humble /usr/bin/cmake --build /home/rhian/Documents/Semester 6/Robotics/Mini Project/ros_ws/Robot_Navigation_ROS2/build/turtlebot3_gazebo -- -j4 -l4
[19.835s] DEBUG:colcon.colcon_core.event_handler.log_command:Invoked command in '/home/rhian/Documents/Semester 6/Robotics/Mini Project/ros_ws/Robot_Navigation_ROS2/build/turtlebot3_gazebo' returned '2': CMAKE_PREFIX_PATH=/opt/ros/humble /usr/bin/cmake --build /home/rhian/Documents/Semester 6/Robotics/Mini Project/ros_ws/Robot_Navigation_ROS2/build/turtlebot3_gazebo -- -j4 -l4
[19.858s] Level 1:colcon.colcon_core.environment:create_environment_scripts_only(turtlebot3_gazebo)
[19.861s] Level 1:colcon.colcon_core.environment:checking '/home/rhian/Documents/Semester 6/Robotics/Mini Project/ros_ws/Robot_Navigation_ROS2/install/turtlebot3_gazebo' for CMake module files
[19.861s] Level 1:colcon.colcon_core.environment:checking '/home/rhian/Documents/Semester 6/Robotics/Mini Project/ros_ws/Robot_Navigation_ROS2/install/turtlebot3_gazebo' for CMake config files
[19.861s] Level 1:colcon.colcon_core.environment:checking '/home/rhian/Documents/Semester 6/Robotics/Mini Project/ros_ws/Robot_Navigation_ROS2/install/turtlebot3_gazebo/bin'
[19.862s] Level 1:colcon.colcon_core.environment:checking '/home/rhian/Documents/Semester 6/Robotics/Mini Project/ros_ws/Robot_Navigation_ROS2/install/turtlebot3_gazebo/lib/pkgconfig/turtlebot3_gazebo.pc'
[19.862s] Level 1:colcon.colcon_core.environment:checking '/home/rhian/Documents/Semester 6/Robotics/Mini Project/ros_ws/Robot_Navigation_ROS2/install/turtlebot3_gazebo/lib/python3.10/site-packages'
[19.862s] Level 1:colcon.colcon_core.environment:checking '/home/rhian/Documents/Semester 6/Robotics/Mini Project/ros_ws/Robot_Navigation_ROS2/install/turtlebot3_gazebo/bin'
[19.862s] INFO:colcon.colcon_core.shell:Creating package script '/home/rhian/Documents/Semester 6/Robotics/Mini Project/ros_ws/Robot_Navigation_ROS2/install/turtlebot3_gazebo/share/turtlebot3_gazebo/package.ps1'
[19.863s] INFO:colcon.colcon_core.shell:Creating package descriptor '/home/rhian/Documents/Semester 6/Robotics/Mini Project/ros_ws/Robot_Navigation_ROS2/install/turtlebot3_gazebo/share/turtlebot3_gazebo/package.dsv'
[19.863s] INFO:colcon.colcon_core.shell:Creating package script '/home/rhian/Documents/Semester 6/Robotics/Mini Project/ros_ws/Robot_Navigation_ROS2/install/turtlebot3_gazebo/share/turtlebot3_gazebo/package.sh'
[19.864s] INFO:colcon.colcon_core.shell:Creating package script '/home/rhian/Documents/Semester 6/Robotics/Mini Project/ros_ws/Robot_Navigation_ROS2/install/turtlebot3_gazebo/share/turtlebot3_gazebo/package.bash'
[19.864s] INFO:colcon.colcon_core.shell:Creating package script '/home/rhian/Documents/Semester 6/Robotics/Mini Project/ros_ws/Robot_Navigation_ROS2/install/turtlebot3_gazebo/share/turtlebot3_gazebo/package.zsh'
[19.865s] Level 1:colcon.colcon_core.environment:create_file_with_runtime_dependencies(/home/rhian/Documents/Semester 6/Robotics/Mini Project/ros_ws/Robot_Navigation_ROS2/install/turtlebot3_gazebo/share/colcon-core/packages/turtlebot3_gazebo)
[19.875s] DEBUG:colcon.colcon_parallel_executor.executor.parallel:closing loop
[19.876s] DEBUG:colcon.colcon_parallel_executor.executor.parallel:loop closed
[19.876s] DEBUG:colcon.colcon_parallel_executor.executor.parallel:run_until_complete finished with '2'
[19.876s] DEBUG:colcon.colcon_core.event_reactor:joining thread
[19.881s] INFO:colcon.colcon_core.plugin_system:Skipping extension 'colcon_notification.desktop_notification.terminal_notifier': Not used on non-Darwin systems
[19.881s] INFO:colcon.colcon_core.plugin_system:Skipping extension 'colcon_notification.desktop_notification.win32': Not used on non-Windows systems
[19.881s] INFO:colcon.colcon_notification.desktop_notification:Sending desktop notification using 'notify2'
[19.893s] DEBUG:colcon.colcon_core.event_reactor:joined thread
[19.893s] INFO:colcon.colcon_core.shell:Creating prefix script '/home/rhian/Documents/Semester 6/Robotics/Mini Project/ros_ws/Robot_Navigation_ROS2/install/local_setup.ps1'
[19.894s] INFO:colcon.colcon_core.shell:Creating prefix util module '/home/rhian/Documents/Semester 6/Robotics/Mini Project/ros_ws/Robot_Navigation_ROS2/install/_local_setup_util_ps1.py'
[19.895s] INFO:colcon.colcon_core.shell:Creating prefix chain script '/home/rhian/Documents/Semester 6/Robotics/Mini Project/ros_ws/Robot_Navigation_ROS2/install/setup.ps1'
[19.897s] INFO:colcon.colcon_core.shell:Creating prefix script '/home/rhian/Documents/Semester 6/Robotics/Mini Project/ros_ws/Robot_Navigation_ROS2/install/local_setup.sh'
[19.898s] INFO:colcon.colcon_core.shell:Creating prefix util module '/home/rhian/Documents/Semester 6/Robotics/Mini Project/ros_ws/Robot_Navigation_ROS2/install/_local_setup_util_sh.py'
[19.899s] INFO:colcon.colcon_core.shell:Creating prefix chain script '/home/rhian/Documents/Semester 6/Robotics/Mini Project/ros_ws/Robot_Navigation_ROS2/install/setup.sh'
[19.901s] INFO:colcon.colcon_core.shell:Creating prefix script '/home/rhian/Documents/Semester 6/Robotics/Mini Project/ros_ws/Robot_Navigation_ROS2/install/local_setup.bash'
[19.902s] INFO:colcon.colcon_core.shell:Creating prefix chain script '/home/rhian/Documents/Semester 6/Robotics/Mini Project/ros_ws/Robot_Navigation_ROS2/install/setup.bash'
[19.903s] INFO:colcon.colcon_core.shell:Creating prefix script '/home/rhian/Documents/Semester 6/Robotics/Mini Project/ros_ws/Robot_Navigation_ROS2/install/local_setup.zsh'
[19.904s] INFO:colcon.colcon_core.shell:Creating prefix chain script '/home/rhian/Documents/Semester 6/Robotics/Mini Project/ros_ws/Robot_Navigation_ROS2/install/setup.zsh'
