[0.072s] DEBUG:colcon:Command line arguments: ['/usr/bin/colcon', 'build', '--symlink-install']
[0.072s] DEBUG:colcon:Parsed command line arguments: Namespace(log_base=None, log_level=None, verb_name='build', build_base='build', install_base='install', merge_install=False, symlink_install=True, test_result_base=None, continue_on_error=False, executor='parallel', parallel_workers=4, event_handlers=None, ignore_user_meta=False, metas=['./colcon.meta'], base_paths=['.'], packages_ignore=None, packages_ignore_regex=None, paths=None, packages_up_to=None, packages_up_to_regex=None, packages_above=None, packages_above_and_dependencies=None, packages_above_depth=None, packages_select_by_dep=None, packages_skip_by_dep=None, packages_skip_up_to=None, packages_select_build_failed=False, packages_skip_build_finished=False, packages_select_test_failures=False, packages_skip_test_passed=False, packages_select=None, packages_skip=None, packages_select_regex=None, packages_skip_regex=None, packages_start=None, packages_end=None, allow_overriding=[], cmake_args=None, cmake_target=None, cmake_target_skip_unavailable=False, cmake_clean_cache=False, cmake_clean_first=False, cmake_force_configure=False, ament_cmake_args=None, catkin_cmake_args=None, catkin_skip_building_tests=False, verb_parser=<colcon_defaults.argument_parser.defaults.DefaultArgumentsDecorator object at 0x7b69e0eda560>, verb_extension=<colcon_core.verb.build.BuildVerb object at 0x7b69e101f130>, main=<bound method BuildVerb.main of <colcon_core.verb.build.BuildVerb object at 0x7b69e101f130>>)
[0.098s] Level 1:colcon.colcon_core.package_discovery:discover_packages(colcon_meta) check parameters
[0.098s] Level 1:colcon.colcon_core.package_discovery:discover_packages(recursive) check parameters
[0.098s] Level 1:colcon.colcon_core.package_discovery:discover_packages(ignore) check parameters
[0.098s] Level 1:colcon.colcon_core.package_discovery:discover_packages(path) check parameters
[0.098s] Level 1:colcon.colcon_core.package_discovery:discover_packages(colcon_meta) discover
[0.098s] Level 1:colcon.colcon_core.package_discovery:discover_packages(recursive) discover
[0.098s] INFO:colcon.colcon_core.package_discovery:Crawling recursively for packages in '/home/rhian/Documents/Semester 6/Robotics/Mini Project/ros_ws/Robot_Navigation_ROS2'
[0.098s] Level 1:colcon.colcon_core.package_identification:_identify(.) by extensions ['ignore', 'ignore_ament_install']
[0.098s] Level 1:colcon.colcon_core.package_identification:_identify(.) by extension 'ignore'
[0.098s] Level 1:colcon.colcon_core.package_identification:_identify(.) by extension 'ignore_ament_install'
[0.098s] Level 1:colcon.colcon_core.package_identification:_identify(.) by extensions ['colcon_pkg']
[0.098s] Level 1:colcon.colcon_core.package_identification:_identify(.) by extension 'colcon_pkg'
[0.098s] Level 1:colcon.colcon_core.package_identification:_identify(.) by extensions ['colcon_meta']
[0.098s] Level 1:colcon.colcon_core.package_identification:_identify(.) by extension 'colcon_meta'
[0.098s] Level 1:colcon.colcon_core.package_identification:_identify(.) by extensions ['ros']
[0.098s] Level 1:colcon.colcon_core.package_identification:_identify(.) by extension 'ros'
[0.109s] Level 1:colcon.colcon_core.package_identification:_identify(.) by extensions ['cmake', 'python']
[0.109s] Level 1:colcon.colcon_core.package_identification:_identify(.) by extension 'cmake'
[0.109s] Level 1:colcon.colcon_core.package_identification:_identify(.) by extension 'python'
[0.109s] Level 1:colcon.colcon_core.package_identification:_identify(.) by extensions ['python_setup_py']
[0.109s] Level 1:colcon.colcon_core.package_identification:_identify(.) by extension 'python_setup_py'
[0.109s] Level 1:colcon.colcon_core.package_identification:_identify(build) by extensions ['ignore', 'ignore_ament_install']
[0.109s] Level 1:colcon.colcon_core.package_identification:_identify(build) by extension 'ignore'
[0.109s] Level 1:colcon.colcon_core.package_identification:_identify(build) ignored
[0.109s] Level 1:colcon.colcon_core.package_identification:_identify(install) by extensions ['ignore', 'ignore_ament_install']
[0.109s] Level 1:colcon.colcon_core.package_identification:_identify(install) by extension 'ignore'
[0.109s] Level 1:colcon.colcon_core.package_identification:_identify(install) ignored
[0.109s] Level 1:colcon.colcon_core.package_identification:_identify(log) by extensions ['ignore', 'ignore_ament_install']
[0.109s] Level 1:colcon.colcon_core.package_identification:_identify(log) by extension 'ignore'
[0.109s] Level 1:colcon.colcon_core.package_identification:_identify(log) ignored
[0.109s] Level 1:colcon.colcon_core.package_identification:_identify(turtlebot3_gazebo) by extensions ['ignore', 'ignore_ament_install']
[0.110s] Level 1:colcon.colcon_core.package_identification:_identify(turtlebot3_gazebo) by extension 'ignore'
[0.110s] Level 1:colcon.colcon_core.package_identification:_identify(turtlebot3_gazebo) by extension 'ignore_ament_install'
[0.110s] Level 1:colcon.colcon_core.package_identification:_identify(turtlebot3_gazebo) by extensions ['colcon_pkg']
[0.110s] Level 1:colcon.colcon_core.package_identification:_identify(turtlebot3_gazebo) by extension 'colcon_pkg'
[0.110s] Level 1:colcon.colcon_core.package_identification:_identify(turtlebot3_gazebo) by extensions ['colcon_meta']
[0.110s] Level 1:colcon.colcon_core.package_identification:_identify(turtlebot3_gazebo) by extension 'colcon_meta'
[0.110s] Level 1:colcon.colcon_core.package_identification:_identify(turtlebot3_gazebo) by extensions ['ros']
[0.110s] Level 1:colcon.colcon_core.package_identification:_identify(turtlebot3_gazebo) by extension 'ros'
[0.112s] DEBUG:colcon.colcon_core.package_identification:Package 'turtlebot3_gazebo' with type 'ros.ament_cmake' and name 'turtlebot3_gazebo'
[0.112s] Level 1:colcon.colcon_core.package_discovery:discover_packages(recursive) using defaults
[0.112s] Level 1:colcon.colcon_core.package_discovery:discover_packages(ignore) discover
[0.112s] Level 1:colcon.colcon_core.package_discovery:discover_packages(ignore) using defaults
[0.112s] Level 1:colcon.colcon_core.package_discovery:discover_packages(path) discover
[0.112s] Level 1:colcon.colcon_core.package_discovery:discover_packages(path) using defaults
[0.125s] Level 1:colcon.colcon_core.package_discovery:discover_packages(prefix_path) check parameters
[0.125s] Level 1:colcon.colcon_core.package_discovery:discover_packages(prefix_path) discover
[0.127s] DEBUG:colcon.colcon_installed_package_information.package_discovery:Found 408 installed packages in /opt/ros/humble
[0.128s] Level 1:colcon.colcon_core.package_discovery:discover_packages(prefix_path) using defaults
[0.162s] Level 5:colcon.colcon_core.verb:set package 'turtlebot3_gazebo' build argument 'cmake_args' from command line to 'None'
[0.162s] Level 5:colcon.colcon_core.verb:set package 'turtlebot3_gazebo' build argument 'cmake_target' from command line to 'None'
[0.162s] Level 5:colcon.colcon_core.verb:set package 'turtlebot3_gazebo' build argument 'cmake_target_skip_unavailable' from command line to 'False'
[0.162s] Level 5:colcon.colcon_core.verb:set package 'turtlebot3_gazebo' build argument 'cmake_clean_cache' from command line to 'False'
[0.162s] Level 5:colcon.colcon_core.verb:set package 'turtlebot3_gazebo' build argument 'cmake_clean_first' from command line to 'False'
[0.162s] Level 5:colcon.colcon_core.verb:set package 'turtlebot3_gazebo' build argument 'cmake_force_configure' from command line to 'False'
[0.162s] Level 5:colcon.colcon_core.verb:set package 'turtlebot3_gazebo' build argument 'ament_cmake_args' from command line to 'None'
[0.162s] Level 5:colcon.colcon_core.verb:set package 'turtlebot3_gazebo' build argument 'catkin_cmake_args' from command line to 'None'
[0.162s] Level 5:colcon.colcon_core.verb:set package 'turtlebot3_gazebo' build argument 'catkin_skip_building_tests' from command line to 'False'
[0.162s] DEBUG:colcon.colcon_core.verb:Building package 'turtlebot3_gazebo' with the following arguments: {'ament_cmake_args': None, 'build_base': '/home/rhian/Documents/Semester 6/Robotics/Mini Project/ros_ws/Robot_Navigation_ROS2/build/turtlebot3_gazebo', 'catkin_cmake_args': None, 'catkin_skip_building_tests': False, 'cmake_args': None, 'cmake_clean_cache': False, 'cmake_clean_first': False, 'cmake_force_configure': False, 'cmake_target': None, 'cmake_target_skip_unavailable': False, 'install_base': '/home/rhian/Documents/Semester 6/Robotics/Mini Project/ros_ws/Robot_Navigation_ROS2/install/turtlebot3_gazebo', 'merge_install': False, 'path': '/home/rhian/Documents/Semester 6/Robotics/Mini Project/ros_ws/Robot_Navigation_ROS2/turtlebot3_gazebo', 'symlink_install': True, 'test_result_base': None}
[0.162s] INFO:colcon.colcon_core.executor:Executing jobs using 'parallel' executor
[0.163s] DEBUG:colcon.colcon_parallel_executor.executor.parallel:run_until_complete
[0.163s] INFO:colcon.colcon_ros.task.ament_cmake.build:Building ROS package in '/home/rhian/Documents/Semester 6/Robotics/Mini Project/ros_ws/Robot_Navigation_ROS2/turtlebot3_gazebo' with build type 'ament_cmake'
[0.163s] INFO:colcon.colcon_cmake.task.cmake.build:Building CMake package in '/home/rhian/Documents/Semester 6/Robotics/Mini Project/ros_ws/Robot_Navigation_ROS2/turtlebot3_gazebo'
[0.165s] INFO:colcon.colcon_core.plugin_system:Skipping extension 'colcon_core.shell.bat': Not used on non-Windows systems
[0.165s] INFO:colcon.colcon_core.shell:Skip shell extension 'powershell' for command environment: Not usable outside of PowerShell
[0.165s] DEBUG:colcon.colcon_core.shell:Skip shell extension 'dsv' for command environment
[0.171s] DEBUG:colcon.colcon_core.event_handler.log_command:Invoking command in '/home/rhian/Documents/Semester 6/Robotics/Mini Project/ros_ws/Robot_Navigation_ROS2/build/turtlebot3_gazebo': CMAKE_PREFIX_PATH=/opt/ros/humble /usr/bin/cmake --build /home/rhian/Documents/Semester 6/Robotics/Mini Project/ros_ws/Robot_Navigation_ROS2/build/turtlebot3_gazebo -- -j4 -l4
[10.916s] DEBUG:colcon.colcon_core.event_handler.log_command:Invoked command in '/home/rhian/Documents/Semester 6/Robotics/Mini Project/ros_ws/Robot_Navigation_ROS2/build/turtlebot3_gazebo' returned '0': CMAKE_PREFIX_PATH=/opt/ros/humble /usr/bin/cmake --build /home/rhian/Documents/Semester 6/Robotics/Mini Project/ros_ws/Robot_Navigation_ROS2/build/turtlebot3_gazebo -- -j4 -l4
[10.946s] DEBUG:colcon.colcon_core.event_handler.log_command:Invoking command in '/home/rhian/Documents/Semester 6/Robotics/Mini Project/ros_ws/Robot_Navigation_ROS2/build/turtlebot3_gazebo': CMAKE_PREFIX_PATH=/opt/ros/humble /usr/bin/cmake --install /home/rhian/Documents/Semester 6/Robotics/Mini Project/ros_ws/Robot_Navigation_ROS2/build/turtlebot3_gazebo
[11.509s] Level 1:colcon.colcon_core.environment:create_environment_scripts_only(turtlebot3_gazebo)
[11.509s] DEBUG:colcon.colcon_core.event_handler.log_command:Invoked command in '/home/rhian/Documents/Semester 6/Robotics/Mini Project/ros_ws/Robot_Navigation_ROS2/build/turtlebot3_gazebo' returned '0': CMAKE_PREFIX_PATH=/opt/ros/humble /usr/bin/cmake --install /home/rhian/Documents/Semester 6/Robotics/Mini Project/ros_ws/Robot_Navigation_ROS2/build/turtlebot3_gazebo
[11.511s] Level 1:colcon.colcon_core.environment:checking '/home/rhian/Documents/Semester 6/Robotics/Mini Project/ros_ws/Robot_Navigation_ROS2/install/turtlebot3_gazebo' for CMake module files
[11.511s] Level 1:colcon.colcon_core.environment:checking '/home/rhian/Documents/Semester 6/Robotics/Mini Project/ros_ws/Robot_Navigation_ROS2/install/turtlebot3_gazebo' for CMake config files
[11.512s] Level 1:colcon.colcon_core.shell:create_environment_hook('turtlebot3_gazebo', 'cmake_prefix_path')
[11.512s] INFO:colcon.colcon_core.shell:Creating environment hook '/home/rhian/Documents/Semester 6/Robotics/Mini Project/ros_ws/Robot_Navigation_ROS2/install/turtlebot3_gazebo/share/turtlebot3_gazebo/hook/cmake_prefix_path.ps1'
[11.516s] INFO:colcon.colcon_core.shell:Creating environment descriptor '/home/rhian/Documents/Semester 6/Robotics/Mini Project/ros_ws/Robot_Navigation_ROS2/install/turtlebot3_gazebo/share/turtlebot3_gazebo/hook/cmake_prefix_path.dsv'
[11.516s] INFO:colcon.colcon_core.shell:Creating environment hook '/home/rhian/Documents/Semester 6/Robotics/Mini Project/ros_ws/Robot_Navigation_ROS2/install/turtlebot3_gazebo/share/turtlebot3_gazebo/hook/cmake_prefix_path.sh'
[11.517s] Level 1:colcon.colcon_core.environment:checking '/home/rhian/Documents/Semester 6/Robotics/Mini Project/ros_ws/Robot_Navigation_ROS2/install/turtlebot3_gazebo/lib'
[11.517s] Level 1:colcon.colcon_core.environment:checking '/home/rhian/Documents/Semester 6/Robotics/Mini Project/ros_ws/Robot_Navigation_ROS2/install/turtlebot3_gazebo/bin'
[11.517s] Level 1:colcon.colcon_core.environment:checking '/home/rhian/Documents/Semester 6/Robotics/Mini Project/ros_ws/Robot_Navigation_ROS2/install/turtlebot3_gazebo/lib/pkgconfig/turtlebot3_gazebo.pc'
[11.517s] Level 1:colcon.colcon_core.environment:checking '/home/rhian/Documents/Semester 6/Robotics/Mini Project/ros_ws/Robot_Navigation_ROS2/install/turtlebot3_gazebo/lib/python3.10/site-packages'
[11.517s] Level 1:colcon.colcon_core.environment:checking '/home/rhian/Documents/Semester 6/Robotics/Mini Project/ros_ws/Robot_Navigation_ROS2/install/turtlebot3_gazebo/bin'
[11.517s] INFO:colcon.colcon_core.shell:Creating package script '/home/rhian/Documents/Semester 6/Robotics/Mini Project/ros_ws/Robot_Navigation_ROS2/install/turtlebot3_gazebo/share/turtlebot3_gazebo/package.ps1'
[11.518s] INFO:colcon.colcon_core.shell:Creating package descriptor '/home/rhian/Documents/Semester 6/Robotics/Mini Project/ros_ws/Robot_Navigation_ROS2/install/turtlebot3_gazebo/share/turtlebot3_gazebo/package.dsv'
[11.518s] INFO:colcon.colcon_core.shell:Creating package script '/home/rhian/Documents/Semester 6/Robotics/Mini Project/ros_ws/Robot_Navigation_ROS2/install/turtlebot3_gazebo/share/turtlebot3_gazebo/package.sh'
[11.518s] INFO:colcon.colcon_core.shell:Creating package script '/home/rhian/Documents/Semester 6/Robotics/Mini Project/ros_ws/Robot_Navigation_ROS2/install/turtlebot3_gazebo/share/turtlebot3_gazebo/package.bash'
[11.519s] INFO:colcon.colcon_core.shell:Creating package script '/home/rhian/Documents/Semester 6/Robotics/Mini Project/ros_ws/Robot_Navigation_ROS2/install/turtlebot3_gazebo/share/turtlebot3_gazebo/package.zsh'
[11.519s] Level 1:colcon.colcon_core.environment:create_file_with_runtime_dependencies(/home/rhian/Documents/Semester 6/Robotics/Mini Project/ros_ws/Robot_Navigation_ROS2/install/turtlebot3_gazebo/share/colcon-core/packages/turtlebot3_gazebo)
[11.542s] Level 1:colcon.colcon_core.environment:create_environment_scripts_only(turtlebot3_gazebo)
[11.543s] Level 1:colcon.colcon_core.environment:checking '/home/rhian/Documents/Semester 6/Robotics/Mini Project/ros_ws/Robot_Navigation_ROS2/install/turtlebot3_gazebo' for CMake module files
[11.543s] Level 1:colcon.colcon_core.environment:checking '/home/rhian/Documents/Semester 6/Robotics/Mini Project/ros_ws/Robot_Navigation_ROS2/install/turtlebot3_gazebo' for CMake config files
[11.543s] Level 1:colcon.colcon_core.shell:create_environment_hook('turtlebot3_gazebo', 'cmake_prefix_path')
[11.544s] INFO:colcon.colcon_core.shell:Creating environment hook '/home/rhian/Documents/Semester 6/Robotics/Mini Project/ros_ws/Robot_Navigation_ROS2/install/turtlebot3_gazebo/share/turtlebot3_gazebo/hook/cmake_prefix_path.ps1'
[11.544s] INFO:colcon.colcon_core.shell:Creating environment descriptor '/home/rhian/Documents/Semester 6/Robotics/Mini Project/ros_ws/Robot_Navigation_ROS2/install/turtlebot3_gazebo/share/turtlebot3_gazebo/hook/cmake_prefix_path.dsv'
[11.544s] INFO:colcon.colcon_core.shell:Creating environment hook '/home/rhian/Documents/Semester 6/Robotics/Mini Project/ros_ws/Robot_Navigation_ROS2/install/turtlebot3_gazebo/share/turtlebot3_gazebo/hook/cmake_prefix_path.sh'
[11.544s] Level 1:colcon.colcon_core.environment:checking '/home/rhian/Documents/Semester 6/Robotics/Mini Project/ros_ws/Robot_Navigation_ROS2/install/turtlebot3_gazebo/lib'
[11.545s] Level 1:colcon.colcon_core.environment:checking '/home/rhian/Documents/Semester 6/Robotics/Mini Project/ros_ws/Robot_Navigation_ROS2/install/turtlebot3_gazebo/bin'
[11.545s] Level 1:colcon.colcon_core.environment:checking '/home/rhian/Documents/Semester 6/Robotics/Mini Project/ros_ws/Robot_Navigation_ROS2/install/turtlebot3_gazebo/lib/pkgconfig/turtlebot3_gazebo.pc'
[11.545s] Level 1:colcon.colcon_core.environment:checking '/home/rhian/Documents/Semester 6/Robotics/Mini Project/ros_ws/Robot_Navigation_ROS2/install/turtlebot3_gazebo/lib/python3.10/site-packages'
[11.545s] Level 1:colcon.colcon_core.environment:checking '/home/rhian/Documents/Semester 6/Robotics/Mini Project/ros_ws/Robot_Navigation_ROS2/install/turtlebot3_gazebo/bin'
[11.545s] INFO:colcon.colcon_core.shell:Creating package script '/home/rhian/Documents/Semester 6/Robotics/Mini Project/ros_ws/Robot_Navigation_ROS2/install/turtlebot3_gazebo/share/turtlebot3_gazebo/package.ps1'
[11.545s] INFO:colcon.colcon_core.shell:Creating package descriptor '/home/rhian/Documents/Semester 6/Robotics/Mini Project/ros_ws/Robot_Navigation_ROS2/install/turtlebot3_gazebo/share/turtlebot3_gazebo/package.dsv'
[11.546s] INFO:colcon.colcon_core.shell:Creating package script '/home/rhian/Documents/Semester 6/Robotics/Mini Project/ros_ws/Robot_Navigation_ROS2/install/turtlebot3_gazebo/share/turtlebot3_gazebo/package.sh'
[11.546s] INFO:colcon.colcon_core.shell:Creating package script '/home/rhian/Documents/Semester 6/Robotics/Mini Project/ros_ws/Robot_Navigation_ROS2/install/turtlebot3_gazebo/share/turtlebot3_gazebo/package.bash'
[11.546s] INFO:colcon.colcon_core.shell:Creating package script '/home/rhian/Documents/Semester 6/Robotics/Mini Project/ros_ws/Robot_Navigation_ROS2/install/turtlebot3_gazebo/share/turtlebot3_gazebo/package.zsh'
[11.546s] Level 1:colcon.colcon_core.environment:create_file_with_runtime_dependencies(/home/rhian/Documents/Semester 6/Robotics/Mini Project/ros_ws/Robot_Navigation_ROS2/install/turtlebot3_gazebo/share/colcon-core/packages/turtlebot3_gazebo)
[11.546s] DEBUG:colcon.colcon_parallel_executor.executor.parallel:closing loop
[11.547s] DEBUG:colcon.colcon_parallel_executor.executor.parallel:loop closed
[11.547s] DEBUG:colcon.colcon_parallel_executor.executor.parallel:run_until_complete finished with '0'
[11.547s] DEBUG:colcon.colcon_core.event_reactor:joining thread
[11.550s] INFO:colcon.colcon_core.plugin_system:Skipping extension 'colcon_notification.desktop_notification.terminal_notifier': Not used on non-Darwin systems
[11.550s] INFO:colcon.colcon_core.plugin_system:Skipping extension 'colcon_notification.desktop_notification.win32': Not used on non-Windows systems
[11.550s] INFO:colcon.colcon_notification.desktop_notification:Sending desktop notification using 'notify2'
[11.560s] DEBUG:colcon.colcon_core.event_reactor:joined thread
[11.561s] INFO:colcon.colcon_core.shell:Creating prefix script '/home/rhian/Documents/Semester 6/Robotics/Mini Project/ros_ws/Robot_Navigation_ROS2/install/local_setup.ps1'
[11.562s] INFO:colcon.colcon_core.shell:Creating prefix util module '/home/rhian/Documents/Semester 6/Robotics/Mini Project/ros_ws/Robot_Navigation_ROS2/install/_local_setup_util_ps1.py'
[11.563s] INFO:colcon.colcon_core.shell:Creating prefix chain script '/home/rhian/Documents/Semester 6/Robotics/Mini Project/ros_ws/Robot_Navigation_ROS2/install/setup.ps1'
[11.563s] INFO:colcon.colcon_core.shell:Creating prefix script '/home/rhian/Documents/Semester 6/Robotics/Mini Project/ros_ws/Robot_Navigation_ROS2/install/local_setup.sh'
[11.564s] INFO:colcon.colcon_core.shell:Creating prefix util module '/home/rhian/Documents/Semester 6/Robotics/Mini Project/ros_ws/Robot_Navigation_ROS2/install/_local_setup_util_sh.py'
[11.564s] INFO:colcon.colcon_core.shell:Creating prefix chain script '/home/rhian/Documents/Semester 6/Robotics/Mini Project/ros_ws/Robot_Navigation_ROS2/install/setup.sh'
[11.565s] INFO:colcon.colcon_core.shell:Creating prefix script '/home/rhian/Documents/Semester 6/Robotics/Mini Project/ros_ws/Robot_Navigation_ROS2/install/local_setup.bash'
[11.565s] INFO:colcon.colcon_core.shell:Creating prefix chain script '/home/rhian/Documents/Semester 6/Robotics/Mini Project/ros_ws/Robot_Navigation_ROS2/install/setup.bash'
[11.566s] INFO:colcon.colcon_core.shell:Creating prefix script '/home/rhian/Documents/Semester 6/Robotics/Mini Project/ros_ws/Robot_Navigation_ROS2/install/local_setup.zsh'
[11.566s] INFO:colcon.colcon_core.shell:Creating prefix chain script '/home/rhian/Documents/Semester 6/Robotics/Mini Project/ros_ws/Robot_Navigation_ROS2/install/setup.zsh'
