[0.008s] Invoking command in '/home/rhian/Documents/Semester 6/Robotics/Mini Project/ros_ws/Robot_Navigation_ROS2/build/turtlebot3_gazebo': CMAKE_PREFIX_PATH=/opt/ros/humble /usr/bin/cmake --build /home/rhian/Documents/Semester 6/Robotics/Mini Project/ros_ws/Robot_Navigation_ROS2/build/turtlebot3_gazebo -- -j4 -l4
[0.060s] [ 12%] [32mBuilding CXX object CMakeFiles/turtlebot3_drive.dir/src/turtlebot3_drive.cpp.o[0m
[0.074s] [ 62%] Built target obstacle2
[0.074s] [ 62%] Built target obstacle1
[0.075s] [ 87%] Built target obstacles
[10.079s] [100%] [32m[1mLinking CXX executable turtlebot3_drive[0m
[10.744s] [100%] Built target turtlebot3_drive
[10.753s] Invoked command in '/home/rhian/Documents/Semester 6/Robotics/Mini Project/ros_ws/Robot_Navigation_ROS2/build/turtlebot3_gazebo' returned '0': CMAKE_PREFIX_PATH=/opt/ros/humble /usr/bin/cmake --build /home/rhian/Documents/Semester 6/Robotics/Mini Project/ros_ws/Robot_Navigation_ROS2/build/turtlebot3_gazebo -- -j4 -l4
[10.783s] Invoking command in '/home/rhian/Documents/Semester 6/Robotics/Mini Project/ros_ws/Robot_Navigation_ROS2/build/turtlebot3_gazebo': CMAKE_PREFIX_PATH=/opt/ros/humble /usr/bin/cmake --install /home/rhian/Documents/Semester 6/Robotics/Mini Project/ros_ws/Robot_Navigation_ROS2/build/turtlebot3_gazebo
[10.788s] -- Install configuration: ""
[10.789s] -- Execute custom install script
[10.789s] -- Symlinking: /home/rhian/Documents/Semester 6/Robotics/Mini Project/ros_ws/Robot_Navigation_ROS2/install/turtlebot3_gazebo/lib/turtlebot3_gazebo/turtlebot3_drive
[10.796s] -- Symlinking: /home/rhian/Documents/Semester 6/Robotics/Mini Project/ros_ws/Robot_Navigation_ROS2/install/turtlebot3_gazebo/share/turtlebot3_gazebo//launch/empty_world.launch.py
[10.802s] -- Symlinking: /home/rhian/Documents/Semester 6/Robotics/Mini Project/ros_ws/Robot_Navigation_ROS2/install/turtlebot3_gazebo/share/turtlebot3_gazebo//launch/pet_cafe.launch.py
[10.809s] -- Symlinking: /home/rhian/Documents/Semester 6/Robotics/Mini Project/ros_ws/Robot_Navigation_ROS2/install/turtlebot3_gazebo/share/turtlebot3_gazebo//launch/pet_maze.launch.py
[10.815s] -- Symlinking: /home/rhian/Documents/Semester 6/Robotics/Mini Project/ros_ws/Robot_Navigation_ROS2/install/turtlebot3_gazebo/share/turtlebot3_gazebo//launch/robot_state_publisher.launch.py
[10.822s] -- Symlinking: /home/rhian/Documents/Semester 6/Robotics/Mini Project/ros_ws/Robot_Navigation_ROS2/install/turtlebot3_gazebo/share/turtlebot3_gazebo//launch/spawn_turtlebot3.launch.py
[10.828s] -- Symlinking: /home/rhian/Documents/Semester 6/Robotics/Mini Project/ros_ws/Robot_Navigation_ROS2/install/turtlebot3_gazebo/share/turtlebot3_gazebo//launch/turtlebot3_dqn_stage1.launch.py
[10.834s] -- Symlinking: /home/rhian/Documents/Semester 6/Robotics/Mini Project/ros_ws/Robot_Navigation_ROS2/install/turtlebot3_gazebo/share/turtlebot3_gazebo//launch/turtlebot3_dqn_stage2.launch.py
[10.841s] -- Symlinking: /home/rhian/Documents/Semester 6/Robotics/Mini Project/ros_ws/Robot_Navigation_ROS2/install/turtlebot3_gazebo/share/turtlebot3_gazebo//launch/turtlebot3_dqn_stage3.launch.py
[10.847s] -- Symlinking: /home/rhian/Documents/Semester 6/Robotics/Mini Project/ros_ws/Robot_Navigation_ROS2/install/turtlebot3_gazebo/share/turtlebot3_gazebo//launch/turtlebot3_dqn_stage4.launch.py
[10.853s] -- Symlinking: /home/rhian/Documents/Semester 6/Robotics/Mini Project/ros_ws/Robot_Navigation_ROS2/install/turtlebot3_gazebo/share/turtlebot3_gazebo//launch/turtlebot3_house.launch.py
[10.860s] -- Symlinking: /home/rhian/Documents/Semester 6/Robotics/Mini Project/ros_ws/Robot_Navigation_ROS2/install/turtlebot3_gazebo/share/turtlebot3_gazebo//launch/turtlebot3_world.launch.py
[10.870s] -- Symlinking: /home/rhian/Documents/Semester 6/Robotics/Mini Project/ros_ws/Robot_Navigation_ROS2/install/turtlebot3_gazebo/share/turtlebot3_gazebo//models/turtlebot3_burger/model-1_4.sdf
[10.876s] -- Symlinking: /home/rhian/Documents/Semester 6/Robotics/Mini Project/ros_ws/Robot_Navigation_ROS2/install/turtlebot3_gazebo/share/turtlebot3_gazebo//models/turtlebot3_burger/model.config
[10.883s] -- Symlinking: /home/rhian/Documents/Semester 6/Robotics/Mini Project/ros_ws/Robot_Navigation_ROS2/install/turtlebot3_gazebo/share/turtlebot3_gazebo//models/turtlebot3_burger/model.sdf
[10.889s] -- Symlinking: /home/rhian/Documents/Semester 6/Robotics/Mini Project/ros_ws/Robot_Navigation_ROS2/install/turtlebot3_gazebo/share/turtlebot3_gazebo//models/turtlebot3_common/meshes/burger_base.dae
[10.896s] -- Symlinking: /home/rhian/Documents/Semester 6/Robotics/Mini Project/ros_ws/Robot_Navigation_ROS2/install/turtlebot3_gazebo/share/turtlebot3_gazebo//models/turtlebot3_common/meshes/lds.dae
[10.902s] -- Symlinking: /home/rhian/Documents/Semester 6/Robotics/Mini Project/ros_ws/Robot_Navigation_ROS2/install/turtlebot3_gazebo/share/turtlebot3_gazebo//models/turtlebot3_common/meshes/r200.dae
[10.909s] -- Symlinking: /home/rhian/Documents/Semester 6/Robotics/Mini Project/ros_ws/Robot_Navigation_ROS2/install/turtlebot3_gazebo/share/turtlebot3_gazebo//models/turtlebot3_common/meshes/tire.dae
[10.915s] -- Symlinking: /home/rhian/Documents/Semester 6/Robotics/Mini Project/ros_ws/Robot_Navigation_ROS2/install/turtlebot3_gazebo/share/turtlebot3_gazebo//models/turtlebot3_common/meshes/waffle_base.dae
[10.922s] -- Symlinking: /home/rhian/Documents/Semester 6/Robotics/Mini Project/ros_ws/Robot_Navigation_ROS2/install/turtlebot3_gazebo/share/turtlebot3_gazebo//models/turtlebot3_common/meshes/waffle_pi_base.dae
[10.928s] -- Symlinking: /home/rhian/Documents/Semester 6/Robotics/Mini Project/ros_ws/Robot_Navigation_ROS2/install/turtlebot3_gazebo/share/turtlebot3_gazebo//models/turtlebot3_common/model.config
[10.934s] -- Symlinking: /home/rhian/Documents/Semester 6/Robotics/Mini Project/ros_ws/Robot_Navigation_ROS2/install/turtlebot3_gazebo/share/turtlebot3_gazebo//models/turtlebot3_dqn_world/goal_box/model.config
[10.941s] -- Symlinking: /home/rhian/Documents/Semester 6/Robotics/Mini Project/ros_ws/Robot_Navigation_ROS2/install/turtlebot3_gazebo/share/turtlebot3_gazebo//models/turtlebot3_dqn_world/goal_box/model.sdf
[10.947s] -- Symlinking: /home/rhian/Documents/Semester 6/Robotics/Mini Project/ros_ws/Robot_Navigation_ROS2/install/turtlebot3_gazebo/share/turtlebot3_gazebo//models/turtlebot3_dqn_world/inner_walls/model.config
[10.954s] -- Symlinking: /home/rhian/Documents/Semester 6/Robotics/Mini Project/ros_ws/Robot_Navigation_ROS2/install/turtlebot3_gazebo/share/turtlebot3_gazebo//models/turtlebot3_dqn_world/inner_walls/model.sdf
[10.960s] -- Symlinking: /home/rhian/Documents/Semester 6/Robotics/Mini Project/ros_ws/Robot_Navigation_ROS2/install/turtlebot3_gazebo/share/turtlebot3_gazebo//models/turtlebot3_dqn_world/model.config
[10.968s] -- Symlinking: /home/rhian/Documents/Semester 6/Robotics/Mini Project/ros_ws/Robot_Navigation_ROS2/install/turtlebot3_gazebo/share/turtlebot3_gazebo//models/turtlebot3_dqn_world/model.sdf
[10.975s] -- Symlinking: /home/rhian/Documents/Semester 6/Robotics/Mini Project/ros_ws/Robot_Navigation_ROS2/install/turtlebot3_gazebo/share/turtlebot3_gazebo//models/turtlebot3_dqn_world/obstacle1/model.config
[10.981s] -- Symlinking: /home/rhian/Documents/Semester 6/Robotics/Mini Project/ros_ws/Robot_Navigation_ROS2/install/turtlebot3_gazebo/share/turtlebot3_gazebo//models/turtlebot3_dqn_world/obstacle1/model.sdf
[10.988s] -- Symlinking: /home/rhian/Documents/Semester 6/Robotics/Mini Project/ros_ws/Robot_Navigation_ROS2/install/turtlebot3_gazebo/share/turtlebot3_gazebo//models/turtlebot3_dqn_world/obstacle2/model.config
[10.994s] -- Symlinking: /home/rhian/Documents/Semester 6/Robotics/Mini Project/ros_ws/Robot_Navigation_ROS2/install/turtlebot3_gazebo/share/turtlebot3_gazebo//models/turtlebot3_dqn_world/obstacle2/model.sdf
[11.000s] -- Symlinking: /home/rhian/Documents/Semester 6/Robotics/Mini Project/ros_ws/Robot_Navigation_ROS2/install/turtlebot3_gazebo/share/turtlebot3_gazebo//models/turtlebot3_dqn_world/obstacle_plugin/CMakeLists.txt
[11.006s] -- Symlinking: /home/rhian/Documents/Semester 6/Robotics/Mini Project/ros_ws/Robot_Navigation_ROS2/install/turtlebot3_gazebo/share/turtlebot3_gazebo//models/turtlebot3_dqn_world/obstacle_plugin/obstacle1.cc
[11.013s] -- Symlinking: /home/rhian/Documents/Semester 6/Robotics/Mini Project/ros_ws/Robot_Navigation_ROS2/install/turtlebot3_gazebo/share/turtlebot3_gazebo//models/turtlebot3_dqn_world/obstacle_plugin/obstacle2.cc
[11.019s] -- Symlinking: /home/rhian/Documents/Semester 6/Robotics/Mini Project/ros_ws/Robot_Navigation_ROS2/install/turtlebot3_gazebo/share/turtlebot3_gazebo//models/turtlebot3_dqn_world/obstacle_plugin/obstacles.cc
[11.025s] -- Symlinking: /home/rhian/Documents/Semester 6/Robotics/Mini Project/ros_ws/Robot_Navigation_ROS2/install/turtlebot3_gazebo/share/turtlebot3_gazebo//models/turtlebot3_dqn_world/obstacles/model.config
[11.032s] -- Symlinking: /home/rhian/Documents/Semester 6/Robotics/Mini Project/ros_ws/Robot_Navigation_ROS2/install/turtlebot3_gazebo/share/turtlebot3_gazebo//models/turtlebot3_dqn_world/obstacles/model.sdf
[11.038s] -- Symlinking: /home/rhian/Documents/Semester 6/Robotics/Mini Project/ros_ws/Robot_Navigation_ROS2/install/turtlebot3_gazebo/share/turtlebot3_gazebo//models/turtlebot3_house/model.config
[11.044s] -- Symlinking: /home/rhian/Documents/Semester 6/Robotics/Mini Project/ros_ws/Robot_Navigation_ROS2/install/turtlebot3_gazebo/share/turtlebot3_gazebo//models/turtlebot3_house/model.sdf
[11.051s] -- Symlinking: /home/rhian/Documents/Semester 6/Robotics/Mini Project/ros_ws/Robot_Navigation_ROS2/install/turtlebot3_gazebo/share/turtlebot3_gazebo//models/turtlebot3_waffle/model-1_4.sdf
[11.057s] -- Symlinking: /home/rhian/Documents/Semester 6/Robotics/Mini Project/ros_ws/Robot_Navigation_ROS2/install/turtlebot3_gazebo/share/turtlebot3_gazebo//models/turtlebot3_waffle/model.config
[11.064s] -- Symlinking: /home/rhian/Documents/Semester 6/Robotics/Mini Project/ros_ws/Robot_Navigation_ROS2/install/turtlebot3_gazebo/share/turtlebot3_gazebo//models/turtlebot3_waffle/model.sdf
[11.072s] -- Symlinking: /home/rhian/Documents/Semester 6/Robotics/Mini Project/ros_ws/Robot_Navigation_ROS2/install/turtlebot3_gazebo/share/turtlebot3_gazebo//models/turtlebot3_waffle_pi/model-1_4_.sdf
[11.078s] -- Symlinking: /home/rhian/Documents/Semester 6/Robotics/Mini Project/ros_ws/Robot_Navigation_ROS2/install/turtlebot3_gazebo/share/turtlebot3_gazebo//models/turtlebot3_waffle_pi/model.config
[11.084s] -- Symlinking: /home/rhian/Documents/Semester 6/Robotics/Mini Project/ros_ws/Robot_Navigation_ROS2/install/turtlebot3_gazebo/share/turtlebot3_gazebo//models/turtlebot3_waffle_pi/model.sdf
[11.091s] -- Symlinking: /home/rhian/Documents/Semester 6/Robotics/Mini Project/ros_ws/Robot_Navigation_ROS2/install/turtlebot3_gazebo/share/turtlebot3_gazebo//models/turtlebot3_world/meshes/hexagon.dae
[11.097s] -- Symlinking: /home/rhian/Documents/Semester 6/Robotics/Mini Project/ros_ws/Robot_Navigation_ROS2/install/turtlebot3_gazebo/share/turtlebot3_gazebo//models/turtlebot3_world/meshes/wall.dae
[11.103s] -- Symlinking: /home/rhian/Documents/Semester 6/Robotics/Mini Project/ros_ws/Robot_Navigation_ROS2/install/turtlebot3_gazebo/share/turtlebot3_gazebo//models/turtlebot3_world/model-1_4.sdf
[11.109s] -- Symlinking: /home/rhian/Documents/Semester 6/Robotics/Mini Project/ros_ws/Robot_Navigation_ROS2/install/turtlebot3_gazebo/share/turtlebot3_gazebo//models/turtlebot3_world/model.config
[11.115s] -- Symlinking: /home/rhian/Documents/Semester 6/Robotics/Mini Project/ros_ws/Robot_Navigation_ROS2/install/turtlebot3_gazebo/share/turtlebot3_gazebo//models/turtlebot3_world/model.sdf
[11.122s] -- Symlinking: /home/rhian/Documents/Semester 6/Robotics/Mini Project/ros_ws/Robot_Navigation_ROS2/install/turtlebot3_gazebo/share/turtlebot3_gazebo//rviz/tb3_gazebo.rviz
[11.128s] -- Symlinking: /home/rhian/Documents/Semester 6/Robotics/Mini Project/ros_ws/Robot_Navigation_ROS2/install/turtlebot3_gazebo/share/turtlebot3_gazebo//urdf/common_properties.urdf
[11.134s] -- Symlinking: /home/rhian/Documents/Semester 6/Robotics/Mini Project/ros_ws/Robot_Navigation_ROS2/install/turtlebot3_gazebo/share/turtlebot3_gazebo//urdf/lidar_robo.urdf
[11.141s] -- Symlinking: /home/rhian/Documents/Semester 6/Robotics/Mini Project/ros_ws/Robot_Navigation_ROS2/install/turtlebot3_gazebo/share/turtlebot3_gazebo//urdf/pet_robo.urdf
[11.147s] -- Symlinking: /home/rhian/Documents/Semester 6/Robotics/Mini Project/ros_ws/Robot_Navigation_ROS2/install/turtlebot3_gazebo/share/turtlebot3_gazebo//urdf/turtlebot3_burger.urdf
[11.154s] -- Symlinking: /home/rhian/Documents/Semester 6/Robotics/Mini Project/ros_ws/Robot_Navigation_ROS2/install/turtlebot3_gazebo/share/turtlebot3_gazebo//urdf/turtlebot3_waffle.urdf
[11.160s] -- Symlinking: /home/rhian/Documents/Semester 6/Robotics/Mini Project/ros_ws/Robot_Navigation_ROS2/install/turtlebot3_gazebo/share/turtlebot3_gazebo//urdf/turtlebot3_waffle_pi.urdf
[11.168s] -- Symlinking: /home/rhian/Documents/Semester 6/Robotics/Mini Project/ros_ws/Robot_Navigation_ROS2/install/turtlebot3_gazebo/share/turtlebot3_gazebo//worlds/empty_world.world
[11.175s] -- Symlinking: /home/rhian/Documents/Semester 6/Robotics/Mini Project/ros_ws/Robot_Navigation_ROS2/install/turtlebot3_gazebo/share/turtlebot3_gazebo//worlds/pet_cafe.world
[11.181s] -- Symlinking: /home/rhian/Documents/Semester 6/Robotics/Mini Project/ros_ws/Robot_Navigation_ROS2/install/turtlebot3_gazebo/share/turtlebot3_gazebo//worlds/pet_maze.world
[11.187s] -- Symlinking: /home/rhian/Documents/Semester 6/Robotics/Mini Project/ros_ws/Robot_Navigation_ROS2/install/turtlebot3_gazebo/share/turtlebot3_gazebo//worlds/turtlebot3_dqn_stage1.world
[11.194s] -- Symlinking: /home/rhian/Documents/Semester 6/Robotics/Mini Project/ros_ws/Robot_Navigation_ROS2/install/turtlebot3_gazebo/share/turtlebot3_gazebo//worlds/turtlebot3_dqn_stage2.world
[11.200s] -- Symlinking: /home/rhian/Documents/Semester 6/Robotics/Mini Project/ros_ws/Robot_Navigation_ROS2/install/turtlebot3_gazebo/share/turtlebot3_gazebo//worlds/turtlebot3_dqn_stage3.world
[11.206s] -- Symlinking: /home/rhian/Documents/Semester 6/Robotics/Mini Project/ros_ws/Robot_Navigation_ROS2/install/turtlebot3_gazebo/share/turtlebot3_gazebo//worlds/turtlebot3_dqn_stage4.world
[11.213s] -- Symlinking: /home/rhian/Documents/Semester 6/Robotics/Mini Project/ros_ws/Robot_Navigation_ROS2/install/turtlebot3_gazebo/share/turtlebot3_gazebo//worlds/turtlebot3_house.world
[11.220s] -- Symlinking: /home/rhian/Documents/Semester 6/Robotics/Mini Project/ros_ws/Robot_Navigation_ROS2/install/turtlebot3_gazebo/share/turtlebot3_gazebo//worlds/turtlebot3_world.world
[11.227s] -- Symlinking: /home/rhian/Documents/Semester 6/Robotics/Mini Project/ros_ws/Robot_Navigation_ROS2/install/turtlebot3_gazebo/include//turtlebot3_gazebo/turtlebot3_drive.hpp
[11.234s] -- Symlinking: /home/rhian/Documents/Semester 6/Robotics/Mini Project/ros_ws/Robot_Navigation_ROS2/install/turtlebot3_gazebo/share/ament_index/resource_index/package_run_dependencies/turtlebot3_gazebo
[11.240s] -- Symlinking: /home/rhian/Documents/Semester 6/Robotics/Mini Project/ros_ws/Robot_Navigation_ROS2/install/turtlebot3_gazebo/share/ament_index/resource_index/parent_prefix_path/turtlebot3_gazebo
[11.246s] -- Symlinking: /home/rhian/Documents/Semester 6/Robotics/Mini Project/ros_ws/Robot_Navigation_ROS2/install/turtlebot3_gazebo/share/turtlebot3_gazebo/environment/ament_prefix_path.sh
[11.253s] -- Symlinking: /home/rhian/Documents/Semester 6/Robotics/Mini Project/ros_ws/Robot_Navigation_ROS2/install/turtlebot3_gazebo/share/turtlebot3_gazebo/environment/ament_prefix_path.dsv
[11.259s] -- Symlinking: /home/rhian/Documents/Semester 6/Robotics/Mini Project/ros_ws/Robot_Navigation_ROS2/install/turtlebot3_gazebo/share/turtlebot3_gazebo/environment/path.sh
[11.267s] -- Symlinking: /home/rhian/Documents/Semester 6/Robotics/Mini Project/ros_ws/Robot_Navigation_ROS2/install/turtlebot3_gazebo/share/turtlebot3_gazebo/environment/path.dsv
[11.274s] -- Symlinking: /home/rhian/Documents/Semester 6/Robotics/Mini Project/ros_ws/Robot_Navigation_ROS2/install/turtlebot3_gazebo/share/turtlebot3_gazebo/local_setup.bash
[11.281s] -- Symlinking: /home/rhian/Documents/Semester 6/Robotics/Mini Project/ros_ws/Robot_Navigation_ROS2/install/turtlebot3_gazebo/share/turtlebot3_gazebo/local_setup.sh
[11.287s] -- Symlinking: /home/rhian/Documents/Semester 6/Robotics/Mini Project/ros_ws/Robot_Navigation_ROS2/install/turtlebot3_gazebo/share/turtlebot3_gazebo/local_setup.zsh
[11.294s] -- Symlinking: /home/rhian/Documents/Semester 6/Robotics/Mini Project/ros_ws/Robot_Navigation_ROS2/install/turtlebot3_gazebo/share/turtlebot3_gazebo/local_setup.dsv
[11.300s] -- Symlinking: /home/rhian/Documents/Semester 6/Robotics/Mini Project/ros_ws/Robot_Navigation_ROS2/install/turtlebot3_gazebo/share/turtlebot3_gazebo/package.dsv
[11.306s] -- Symlinking: /home/rhian/Documents/Semester 6/Robotics/Mini Project/ros_ws/Robot_Navigation_ROS2/install/turtlebot3_gazebo/share/ament_index/resource_index/packages/turtlebot3_gazebo
[11.313s] -- Symlinking: /home/rhian/Documents/Semester 6/Robotics/Mini Project/ros_ws/Robot_Navigation_ROS2/install/turtlebot3_gazebo/share/turtlebot3_gazebo/cmake/ament_cmake_export_include_directories-extras.cmake
[11.319s] -- Symlinking: /home/rhian/Documents/Semester 6/Robotics/Mini Project/ros_ws/Robot_Navigation_ROS2/install/turtlebot3_gazebo/share/turtlebot3_gazebo/cmake/ament_cmake_export_dependencies-extras.cmake
[11.325s] -- Symlinking: /home/rhian/Documents/Semester 6/Robotics/Mini Project/ros_ws/Robot_Navigation_ROS2/install/turtlebot3_gazebo/share/turtlebot3_gazebo/cmake/turtlebot3_gazeboConfig.cmake
[11.331s] -- Symlinking: /home/rhian/Documents/Semester 6/Robotics/Mini Project/ros_ws/Robot_Navigation_ROS2/install/turtlebot3_gazebo/share/turtlebot3_gazebo/cmake/turtlebot3_gazeboConfig-version.cmake
[11.337s] -- Symlinking: /home/rhian/Documents/Semester 6/Robotics/Mini Project/ros_ws/Robot_Navigation_ROS2/install/turtlebot3_gazebo/share/turtlebot3_gazebo/package.xml
[11.346s] Invoked command in '/home/rhian/Documents/Semester 6/Robotics/Mini Project/ros_ws/Robot_Navigation_ROS2/build/turtlebot3_gazebo' returned '0': CMAKE_PREFIX_PATH=/opt/ros/humble /usr/bin/cmake --install /home/rhian/Documents/Semester 6/Robotics/Mini Project/ros_ws/Robot_Navigation_ROS2/build/turtlebot3_gazebo
